npm warn cli npm v11.2.0 does not support Node.js v20.12.0. This version of npm supports the following node versions: `^20.17.0 || >=22.9.0`. You can find the latest version at https://nodejs.org/.
npm error code ERESOLVE
npm error ERESOLVE could not resolve
npm error
npm error While resolving: @liveblocks/react-lexical@2.22.2
npm error Found: @lexical/react@0.29.0
npm error node_modules/@lexical/react
npm error   @lexical/react@"^0.29.0" from the root project
npm error
npm error Could not resolve dependency:
npm error peer @lexical/react@"0.24.0" from @liveblocks/react-lexical@2.22.2
npm error node_modules/@liveblocks/react-lexical
npm error   @liveblocks/react-lexical@"^2.22.2" from the root project
npm error
npm error Conflicting peer dependency: @lexical/react@0.24.0
npm error node_modules/@lexical/react
npm error   peer @lexical/react@"0.24.0" from @liveblocks/react-lexical@2.22.2
npm error   node_modules/@liveblocks/react-lexical
npm error     @liveblocks/react-lexical@"^2.22.2" from the root project
npm error
npm error Fix the upstream dependency conflict, or retry
npm error this command with --force or --legacy-peer-deps
npm error to accept an incorrect (and potentially broken) dependency resolution.
npm error
npm error
npm error For a full report see:
npm error C:\Users\krish\AppData\Local\npm-cache\_logs\2025-04-03T13_44_47_730Z-eresolve-report.txt
npm error A complete log of this run can be found in: C:\Users\krish\AppData\Local\npm-cache\_logs\2025-04-03T13_44_47_730Z-debug-0.log
